/*C1*/SET SCHEMA SYSTEM_LOBS
INSERT INTO BLOCKS VALUES(0,2147483647,0)
COMMIT
/*C2*/SET SCHEMA PUBLIC
   CREATE TABLE site_user ( user_id INT NOT NULL, firstname VARCHAR(50) NOT NULL, lastname VARCHAR(50) NOT NULL, email_address VARCHAR(50) NOT NULL, company_name VARCHAR(50), address1 VARCHAR(50), address2 VARCHAR(50), city VARCHAR(50), state VARCHAR(50), zip VARCHAR(50), country VARCHAR(50), creditcard_type VARCHAR(50), creditcard_number VARCHAR(50), creditcard_expirationdate VARCHAR(50), UNIQUE(email_address), PRIMARY KEY (user_id) )
  CREATE TABLE product( product_id INT NOT NULL, product_code VARCHAR(10) NOT NULL, product_description VARCHAR(100) NOT NULL, product_price DECIMAL(10,2) NOT NULL, UNIQUE (product_code), PRIMARY KEY (product_id) )
INSERT INTO PRODUCT VALUES(1,'8601','86 (the band) - True Life Songs and Pictures',14.95)
INSERT INTO PRODUCT VALUES(2,'pf01','Paddlefoot - The first CD',12.95)
INSERT INTO PRODUCT VALUES(3,'pf02','Paddlefoot - The second CD',14.95)
INSERT INTO PRODUCT VALUES(4,'jr01','Joe Rut - Genuine Wood Grained Finish',14.95)
COMMIT
  CREATE TABLE track ( track_id INT NOT NULL PRIMARY KEY, product_id INT NOT NULL, track_number INT NOT NULL, title varchar(100) NOT NULL, sample_filename varchar(100) NOT NULL, FOREIGN KEY (product_id) REFERENCES product (product_id), UNIQUE (product_id, track_number) )
INSERT INTO TRACK VALUES(1,1,2,'You Are a Star','star.mp3')
INSERT INTO TRACK VALUES(2,1,3,'Don''t Make No Difference','no_difference.mp3')
INSERT INTO TRACK VALUES(3,2,2,'Whiskey Before Breakfast','whiskey.mp3')
INSERT INTO TRACK VALUES(4,2,6,'64 Corvair, Part 2','corvair.mp3')
INSERT INTO TRACK VALUES(5,3,1,'Neon Lights','neon.mp3')
INSERT INTO TRACK VALUES(6,3,3,'Tank Hill','tank.mp3')
INSERT INTO TRACK VALUES(7,4,1,'Filter','filter.mp3')
INSERT INTO TRACK VALUES(8,4,5,'So Long Lazy Ray','so_long.mp3')
COMMIT
  CREATE TABLE download ( download_id INT NOT NULL, user_id INT NOT NULL, download_date TIMESTAMP NOT NULL, track_id INT NOT NULL, PRIMARY KEY (download_id), FOREIGN KEY (user_id) REFERENCES site_user (user_id), FOREIGN KEY (track_id) REFERENCES track (track_id) )
 CREATE TABLE invoice( invoice_id INT NOT NULL, user_id INT NOT NULL, invoice_date TIMESTAMP NOT NULL, total_amount DECIMAL(10,2) NOT NULL, is_processed CHAR(1) NOT NULL, PRIMARY KEY (invoice_id), FOREIGN KEY (user_id) REFERENCES site_user (user_id) )
  CREATE TABLE lineitem( lineitem_id INT NOT NULL, invoice_id INT NOT NULL, product_id INT NOT NULL, quantity INT NOT NULL, PRIMARY KEY (lineitem_id), FOREIGN KEY (invoice_id) REFERENCES invoice (invoice_id), FOREIGN KEY (product_id) REFERENCES product (product_id) )
   CREATE TABLE userpass ( username varchar(15) NOT NULL PRIMARY KEY, password varchar(15) NOT NULL )
INSERT INTO USERPASS VALUES('andrea','sesame')
INSERT INTO USERPASS VALUES('joel','sesame')
INSERT INTO USERPASS VALUES('anne','sesame')
COMMIT
  CREATE TABLE userrole ( username VARCHAR(15) NOT NULL, rolename VARCHAR(15) NOT NULL, PRIMARY KEY (username, rolename) )
INSERT INTO USERROLE VALUES('andrea','service')
INSERT INTO USERROLE VALUES('andrea','programmer')
INSERT INTO USERROLE VALUES('joel','programmer')
COMMIT
  CREATE TABLE MUSIC_ID_GEN (GEN_NAME VARCHAR(50) NOT NULL, GEN_VAL INTEGER, PRIMARY KEY (GEN_NAME))
INSERT INTO MUSIC_ID_GEN VALUES('downloadid_gen',4)
INSERT INTO MUSIC_ID_GEN VALUES('userid_gen',3)
INSERT INTO MUSIC_ID_GEN VALUES('invoiceid_gen',0)
INSERT INTO MUSIC_ID_GEN VALUES('lineitemid_gen',0)
COMMIT
DISCONNECT
/*C3*/SET SCHEMA PUBLIC
INSERT INTO SITE_USER VALUES(1,'John','Smith','jsmith@gmail.com',NULL,NULL,NULL,NULL,NULL,NULL,NULL,NULL,NULL,NULL)
INSERT INTO SITE_USER VALUES(2,'Andrea','Steelman','andi@murach.com',NULL,NULL,NULL,NULL,NULL,NULL,NULL,NULL,NULL,NULL)
INSERT INTO SITE_USER VALUES(3,'Joel','Murach','joelmurach@yahoo.com',NULL,NULL,NULL,NULL,NULL,NULL,NULL,NULL,NULL,NULL)
INSERT INTO DOWNLOAD VALUES(1,1,'2007-05-01 00:00:00.000000',8)
INSERT INTO DOWNLOAD VALUES(2,1,'2009-08-30 08:30:00.000000',7)
INSERT INTO DOWNLOAD VALUES(3,2,'2009-08-30 09:34:00.000000',7)
INSERT INTO DOWNLOAD VALUES(4,3,'2009-08-31 12:01:00.000000',8)
COMMIT
DISCONNECT
/*C4*/SET SCHEMA PUBLIC
DISCONNECT
/*C5*/SET SCHEMA PUBLIC
DISCONNECT
/*C6*/SET SCHEMA PUBLIC
DISCONNECT
/*C7*/SET SCHEMA PUBLIC
DISCONNECT
/*C9*/SET SCHEMA PUBLIC
DISCONNECT
/*C8*/SET SCHEMA PUBLIC
DISCONNECT
/*C10*/SET SCHEMA PUBLIC
DISCONNECT
/*C11*/SET SCHEMA PUBLIC
DISCONNECT
/*C13*/SET SCHEMA PUBLIC
DISCONNECT
/*C15*/SET SCHEMA PUBLIC
DISCONNECT
/*C14*/SET SCHEMA PUBLIC
DISCONNECT
/*C12*/SET SCHEMA PUBLIC
DISCONNECT
/*C16*/SET SCHEMA PUBLIC
DISCONNECT
/*C17*/SET SCHEMA PUBLIC
DISCONNECT
/*C19*/SET SCHEMA PUBLIC
DISCONNECT
/*C18*/SET SCHEMA PUBLIC
DISCONNECT
/*C20*/SET SCHEMA PUBLIC
DISCONNECT
/*C21*/SET SCHEMA PUBLIC
DISCONNECT
/*C23*/SET SCHEMA PUBLIC
DISCONNECT
/*C24*/SET SCHEMA PUBLIC
DELETE FROM MUSIC_ID_GEN WHERE GEN_NAME='userid_gen'
INSERT INTO MUSIC_ID_GEN VALUES('userid_gen',53)
COMMIT
DELETE FROM MUSIC_ID_GEN WHERE GEN_NAME='userid_gen'
INSERT INTO MUSIC_ID_GEN VALUES('userid_gen',103)
COMMIT
DELETE FROM MUSIC_ID_GEN WHERE GEN_NAME='userid_gen'
INSERT INTO MUSIC_ID_GEN VALUES('userid_gen',153)
COMMIT
DELETE FROM MUSIC_ID_GEN WHERE GEN_NAME='userid_gen'
INSERT INTO MUSIC_ID_GEN VALUES('userid_gen',203)
COMMIT
DELETE FROM MUSIC_ID_GEN WHERE GEN_NAME='userid_gen'
INSERT INTO MUSIC_ID_GEN VALUES('userid_gen',253)
COMMIT
DELETE FROM MUSIC_ID_GEN WHERE GEN_NAME='userid_gen'
INSERT INTO MUSIC_ID_GEN VALUES('userid_gen',303)
COMMIT
DELETE FROM MUSIC_ID_GEN WHERE GEN_NAME='userid_gen'
INSERT INTO MUSIC_ID_GEN VALUES('userid_gen',353)
COMMIT
DELETE FROM MUSIC_ID_GEN WHERE GEN_NAME='userid_gen'
INSERT INTO MUSIC_ID_GEN VALUES('userid_gen',403)
COMMIT
DELETE FROM MUSIC_ID_GEN WHERE GEN_NAME='userid_gen'
INSERT INTO MUSIC_ID_GEN VALUES('userid_gen',453)
COMMIT
DELETE FROM MUSIC_ID_GEN WHERE GEN_NAME='userid_gen'
INSERT INTO MUSIC_ID_GEN VALUES('userid_gen',503)
COMMIT
/*C25*/SET SCHEMA PUBLIC
DISCONNECT
/*C27*/SET SCHEMA PUBLIC
DISCONNECT
/*C22*/SET SCHEMA PUBLIC
DISCONNECT
/*C24*/DISCONNECT
/*C26*/SET SCHEMA PUBLIC
DISCONNECT
/*C28*/SET SCHEMA PUBLIC
DISCONNECT
/*C29*/SET SCHEMA PUBLIC
DISCONNECT
/*C31*/SET SCHEMA PUBLIC
DISCONNECT
/*C32*/SET SCHEMA PUBLIC
DELETE FROM MUSIC_ID_GEN WHERE GEN_NAME='userid_gen'
INSERT INTO MUSIC_ID_GEN VALUES('userid_gen',553)
COMMIT
DELETE FROM MUSIC_ID_GEN WHERE GEN_NAME='userid_gen'
INSERT INTO MUSIC_ID_GEN VALUES('userid_gen',603)
COMMIT
DELETE FROM MUSIC_ID_GEN WHERE GEN_NAME='userid_gen'
INSERT INTO MUSIC_ID_GEN VALUES('userid_gen',653)
COMMIT
DELETE FROM MUSIC_ID_GEN WHERE GEN_NAME='userid_gen'
INSERT INTO MUSIC_ID_GEN VALUES('userid_gen',703)
COMMIT
DELETE FROM MUSIC_ID_GEN WHERE GEN_NAME='userid_gen'
INSERT INTO MUSIC_ID_GEN VALUES('userid_gen',753)
COMMIT
DELETE FROM MUSIC_ID_GEN WHERE GEN_NAME='userid_gen'
INSERT INTO MUSIC_ID_GEN VALUES('userid_gen',803)
COMMIT
DELETE FROM MUSIC_ID_GEN WHERE GEN_NAME='userid_gen'
INSERT INTO MUSIC_ID_GEN VALUES('userid_gen',853)
COMMIT
DELETE FROM MUSIC_ID_GEN WHERE GEN_NAME='userid_gen'
INSERT INTO MUSIC_ID_GEN VALUES('userid_gen',903)
COMMIT
DELETE FROM MUSIC_ID_GEN WHERE GEN_NAME='userid_gen'
INSERT INTO MUSIC_ID_GEN VALUES('userid_gen',953)
COMMIT
DELETE FROM MUSIC_ID_GEN WHERE GEN_NAME='userid_gen'
INSERT INTO MUSIC_ID_GEN VALUES('userid_gen',1003)
COMMIT
/*C30*/SET SCHEMA PUBLIC
DISCONNECT
/*C32*/DISCONNECT
/*C33*/SET SCHEMA PUBLIC
DISCONNECT
/*C35*/SET SCHEMA PUBLIC
DISCONNECT
/*C36*/SET SCHEMA PUBLIC
DELETE FROM MUSIC_ID_GEN WHERE GEN_NAME='userid_gen'
INSERT INTO MUSIC_ID_GEN VALUES('userid_gen',1053)
COMMIT
DELETE FROM MUSIC_ID_GEN WHERE GEN_NAME='userid_gen'
INSERT INTO MUSIC_ID_GEN VALUES('userid_gen',1103)
COMMIT
/*C34*/SET SCHEMA PUBLIC
DISCONNECT
/*C36*/DISCONNECT
/*C37*/SET SCHEMA PUBLIC
DISCONNECT
/*C39*/SET SCHEMA PUBLIC
DISCONNECT
/*C40*/SET SCHEMA PUBLIC
DELETE FROM MUSIC_ID_GEN WHERE GEN_NAME='userid_gen'
INSERT INTO MUSIC_ID_GEN VALUES('userid_gen',1153)
COMMIT
DISCONNECT
/*C38*/SET SCHEMA PUBLIC
DISCONNECT
/*C41*/SET SCHEMA PUBLIC
DISCONNECT
/*C42*/SET SCHEMA PUBLIC
DELETE FROM MUSIC_ID_GEN WHERE GEN_NAME='userid_gen'
INSERT INTO MUSIC_ID_GEN VALUES('userid_gen',1203)
COMMIT
/*C43*/SET SCHEMA PUBLIC
DISCONNECT
/*C45*/SET SCHEMA PUBLIC
DISCONNECT
/*C47*/SET SCHEMA PUBLIC
DISCONNECT
/*C49*/SET SCHEMA PUBLIC
DISCONNECT
/*C51*/SET SCHEMA PUBLIC
DISCONNECT
/*C42*/DISCONNECT
/*C50*/SET SCHEMA PUBLIC
DISCONNECT
/*C48*/SET SCHEMA PUBLIC
DISCONNECT
/*C44*/SET SCHEMA PUBLIC
DISCONNECT
/*C46*/SET SCHEMA PUBLIC
DISCONNECT
/*C52*/SET SCHEMA PUBLIC
DISCONNECT
/*C53*/SET SCHEMA PUBLIC
DISCONNECT
/*C54*/SET SCHEMA PUBLIC
DELETE FROM MUSIC_ID_GEN WHERE GEN_NAME='userid_gen'
INSERT INTO MUSIC_ID_GEN VALUES('userid_gen',1253)
COMMIT
DISCONNECT
/*C55*/SET SCHEMA PUBLIC
DISCONNECT
/*C57*/SET SCHEMA PUBLIC
DISCONNECT
/*C59*/SET SCHEMA PUBLIC
DISCONNECT
/*C61*/SET SCHEMA PUBLIC
DISCONNECT
/*C63*/SET SCHEMA PUBLIC
DISCONNECT
/*C64*/SET SCHEMA PUBLIC
DELETE FROM MUSIC_ID_GEN WHERE GEN_NAME='userid_gen'
INSERT INTO MUSIC_ID_GEN VALUES('userid_gen',1303)
COMMIT
INSERT INTO SITE_USER VALUES(1254,'SATYANANDANA','VADAPALLI','srikanthvarma.vadapalli@gmail.com',NULL,NULL,NULL,NULL,NULL,NULL,NULL,NULL,NULL,NULL)
COMMIT
/*C65*/SET SCHEMA PUBLIC
DISCONNECT
/*C67*/SET SCHEMA PUBLIC
DISCONNECT
/*C69*/SET SCHEMA PUBLIC
DISCONNECT
/*C71*/SET SCHEMA PUBLIC
DISCONNECT
/*C73*/SET SCHEMA PUBLIC
DISCONNECT
/*C75*/SET SCHEMA PUBLIC
DISCONNECT
/*C56*/SET SCHEMA PUBLIC
DISCONNECT
/*C58*/SET SCHEMA PUBLIC
DISCONNECT
/*C76*/SET SCHEMA PUBLIC
DISCONNECT
/*C60*/SET SCHEMA PUBLIC
DISCONNECT
/*C64*/DISCONNECT
/*C68*/SET SCHEMA PUBLIC
DISCONNECT
/*C74*/SET SCHEMA PUBLIC
DISCONNECT
/*C62*/SET SCHEMA PUBLIC
DISCONNECT
/*C70*/SET SCHEMA PUBLIC
DISCONNECT
/*C72*/SET SCHEMA PUBLIC
DISCONNECT
/*C66*/SET SCHEMA PUBLIC
DISCONNECT
/*C77*/SET SCHEMA PUBLIC
DISCONNECT
/*C78*/SET SCHEMA PUBLIC
DELETE FROM MUSIC_ID_GEN WHERE GEN_NAME='invoiceid_gen'
INSERT INTO MUSIC_ID_GEN VALUES('invoiceid_gen',50)
COMMIT
DELETE FROM MUSIC_ID_GEN WHERE GEN_NAME='lineitemid_gen'
INSERT INTO MUSIC_ID_GEN VALUES('lineitemid_gen',50)
COMMIT
INSERT INTO INVOICE VALUES(1,1254,'2015-05-14 20:32:04.859000',12.95,'n')
INSERT INTO LINEITEM VALUES(1,1,2,1)
COMMIT
DISCONNECT
/*C79*/SET SCHEMA PUBLIC
DISCONNECT
/*C81*/SET SCHEMA PUBLIC
DISCONNECT
/*C83*/SET SCHEMA PUBLIC
DISCONNECT
/*C85*/SET SCHEMA PUBLIC
DISCONNECT
/*C87*/SET SCHEMA PUBLIC
DISCONNECT
/*C84*/SET SCHEMA PUBLIC
DISCONNECT
/*C82*/SET SCHEMA PUBLIC
DISCONNECT
/*C88*/SET SCHEMA PUBLIC
DISCONNECT
/*C80*/SET SCHEMA PUBLIC
DISCONNECT
/*C86*/SET SCHEMA PUBLIC
DISCONNECT
/*C89*/SET SCHEMA PUBLIC
DISCONNECT
/*C90*/SET SCHEMA PUBLIC
DELETE FROM MUSIC_ID_GEN WHERE GEN_NAME='userid_gen'
INSERT INTO MUSIC_ID_GEN VALUES('userid_gen',1353)
COMMIT
INSERT INTO SITE_USER VALUES(1304,'jfghhkh','jfdgfhgjk','rgrhoth',NULL,NULL,NULL,NULL,NULL,NULL,NULL,NULL,NULL,NULL)
COMMIT
DISCONNECT
